<?xml version="1.0" encoding="UTF-8"?>
<!-- Generated by org.testng.reporters.JUnitReportReporter -->
<testsuite hostname="Sathaga" name="com.MyBuilderPatternTest.BuilderDesignPatternTest" tests="1" failures="0" timestamp="15 Apr 2022 07:53:30 GMT" time="0.013" errors="0">
  <testcase name="builderTest" time="0.013" classname="com.MyBuilderPatternTest.BuilderDesignPatternTest"/>
</testsuite> <!-- com.MyBuilderPatternTest.BuilderDesignPatternTest -->
