<?xml version="1.0" encoding="UTF-8"?>
<!-- Generated by org.testng.reporters.JUnitReportReporter -->
<testsuite hostname="Sathaga" name="com.MyTestRequests.UpdateRequest" tests="1" failures="0" timestamp="14 Apr 2022 14:34:17 GMT" time="3.400" errors="0">
  <testcase name="updateRequestTest" time="3.400" classname="com.MyTestRequests.UpdateRequest"/>
</testsuite> <!-- com.MyTestRequests.UpdateRequest -->
