<?xml version="1.0" encoding="UTF-8"?>
<!-- Generated by org.testng.reporters.JUnitReportReporter -->
<testsuite hostname="Sathaga" name="com.MyTestRequests.DeleteRequest" tests="1" failures="0" timestamp="14 Apr 2022 14:41:00 GMT" time="2.945" errors="0">
  <testcase name="deleteRequestTest" time="2.945" classname="com.MyTestRequests.DeleteRequest"/>
</testsuite> <!-- com.MyTestRequests.DeleteRequest -->
