<?xml version="1.0" encoding="UTF-8"?>
<!-- Generated by org.testng.reporters.JUnitReportReporter -->
<testsuite hostname="Sathaga" name="com.MyTests.PostRequest" tests="1" failures="0" timestamp="14 Apr 2022 06:34:02 GMT" time="3.836" errors="0">
  <testcase name="postMethodUsingJSONLibrary" time="3.836" classname="com.MyTests.PostRequest"/>
</testsuite> <!-- com.MyTests.PostRequest -->
