<?xml version="1.0" encoding="UTF-8"?>
<!-- Generated by org.testng.reporters.JUnitReportReporter -->
<testsuite hostname="Sathaga" name="com.MyTestRequests.GetRequest" tests="1" failures="0" timestamp="14 Apr 2022 14:32:48 GMT" time="2.866" errors="0">
  <testcase name="getMethodWithQueryParametersTest" time="2.866" classname="com.MyTestRequests.GetRequest"/>
</testsuite> <!-- com.MyTestRequests.GetRequest -->
