<?xml version="1.0" encoding="UTF-8"?>
<!-- Generated by org.testng.reporters.JUnitReportReporter -->
<testsuite hostname="Sathaga" name="com.MyTestRequests.GetRequest" tests="1" failures="0" timestamp="15 Apr 2022 06:30:49 GMT" time="3.546" errors="0">
  <testcase name="getMethodWithQueryParametersTest" time="3.546" classname="com.MyTestRequests.GetRequest"/>
</testsuite> <!-- com.MyTestRequests.GetRequest -->
