<?xml version="1.0" encoding="UTF-8"?>
<!-- Generated by org.testng.reporters.JUnitReportReporter -->
<testsuite hostname="Sathaga" name="com.MyTests.GetRequest" tests="1" failures="0" timestamp="11 Apr 2022 17:23:34 GMT" time="2.895" errors="0">
  <testcase name="getMethodTest" time="2.895" classname="com.MyTests.GetRequest"/>
</testsuite> <!-- com.MyTests.GetRequest -->
